<?xml version="1.0" encoding="UTF-8"?>
<testsuite name="team16.location.PackageSortingCenterTest" tests="1" skipped="0" failures="0" errors="0" timestamp="2021-04-11T00:34:27" hostname="DESKTOP-I2A5PV3" time="0.003">
  <properties/>
  <testcase name="setupTest()" classname="team16.location.PackageSortingCenterTest" time="0.003"/>
  <system-out><![CDATA[]]></system-out>
  <system-err><![CDATA[]]></system-err>
</testsuite>
