<?xml version="1.0" encoding="UTF-8"?>
<testsuite name="team16.location.logistics.transportation.AutonomousCarTest" tests="1" skipped="0" failures="0" errors="0" timestamp="2021-04-11T00:34:27" hostname="DESKTOP-I2A5PV3" time="0.307">
  <properties/>
  <testcase name="unloadZone()" classname="team16.location.logistics.transportation.AutonomousCarTest" time="0.307"/>
  <system-out><![CDATA[Truck moved to UnloadZone
Notifying TruckListeners
Truck has arrived!
Selected random Car
Truck in UnloadingZone team16.location.logistics.zones.UnloadZone@1f466e71 is being unloaded.
Truck has been unloaded!
Autonomous Car is returning!
Removing Truck from zone team16.location.logistics.zones.UnloadZone@1f466e71.
]]></system-out>
  <system-err><![CDATA[]]></system-err>
</testsuite>
