<?xml version="1.0" encoding="UTF-8"?>
<testsuite name="team16.location.logistics.transportation.AutonomousCarTest" tests="1" skipped="0" failures="0" errors="0" timestamp="2021-04-10T21:53:27" hostname="DESKTOP-I2A5PV3" time="0.339">
  <properties/>
  <testcase name="unloadZone()" classname="team16.location.logistics.transportation.AutonomousCarTest" time="0.339"/>
  <system-out><![CDATA[Truck moved to UnloadZone
Notifying TruckListeners
Truck has arrived!
Selected random Car
Truck in UnloadingZone team16.location.logistics.zones.UnloadZone@65e9cefc is being unloaded.
Truck has been unloaded!
Autonomous Car is returning!
Removing Truck from zone team16.location.logistics.zones.UnloadZone@65e9cefc!
checking pallets
Pallet has been found! pos: 0
checking pallets
Pallet has been found! pos: 0
##Removing Pallet Main
#Position has pallets - team16.data.datainstances.pallet.Pallet@45de5eff, team16.data.datainstances.pallet.Pallet@5c4d788, 
team16.data.datainstances.pallet.Pallet@45de5eff
a pallet was found: 
Removing pallet: true
team16.data.datainstances.pallet.Pallet@45de5eff
a pallet was found: 
checking pallets
Pallet has been found! pos: 0
##Removing Pallet Main
#Position has pallets - team16.data.datainstances.pallet.Pallet@45de5eff, null, 
team16.data.datainstances.pallet.Pallet@45de5eff
a pallet was found: 
Removing pallet: true
team16.data.datainstances.pallet.Pallet@45de5eff
a pallet was found: 
checking pallets
Pallet has been found! pos: 1
##Removing Pallet Main
#Position has pallets - team16.data.datainstances.pallet.Pallet@3811dc9a, team16.data.datainstances.pallet.Pallet@f0f54c1, 
team16.data.datainstances.pallet.Pallet@3811dc9a
a pallet was found: 
Removing pallet: true
team16.data.datainstances.pallet.Pallet@3811dc9a
a pallet was found: 
checking pallets
Pallet has been found! pos: 1
##Removing Pallet Main
#Position has pallets - team16.data.datainstances.pallet.Pallet@3811dc9a, null, 
team16.data.datainstances.pallet.Pallet@3811dc9a
a pallet was found: 
Removing pallet: true
team16.data.datainstances.pallet.Pallet@3811dc9a
a pallet was found: 
checking pallets
Pallet has been found! pos: 2
##Removing Pallet Main
#Position has pallets - team16.data.datainstances.pallet.Pallet@2cd4ba3f, team16.data.datainstances.pallet.Pallet@2ba65ba5, 
team16.data.datainstances.pallet.Pallet@2cd4ba3f
a pallet was found: 
Removing pallet: true
team16.data.datainstances.pallet.Pallet@2cd4ba3f
a pallet was found: 
checking pallets
Pallet has been found! pos: 2
##Removing Pallet Main
#Position has pallets - team16.data.datainstances.pallet.Pallet@2cd4ba3f, null, 
team16.data.datainstances.pallet.Pallet@2cd4ba3f
a pallet was found: 
Removing pallet: true
team16.data.datainstances.pallet.Pallet@2cd4ba3f
a pallet was found: 
checking pallets
Pallet has been found! pos: 3
##Removing Pallet Main
#Position has pallets - team16.data.datainstances.pallet.Pallet@1de5a747, team16.data.datainstances.pallet.Pallet@68394166, 
team16.data.datainstances.pallet.Pallet@1de5a747
a pallet was found: 
Removing pallet: true
team16.data.datainstances.pallet.Pallet@1de5a747
a pallet was found: 
checking pallets
Pallet has been found! pos: 3
##Removing Pallet Main
#Position has pallets - team16.data.datainstances.pallet.Pallet@1de5a747, null, 
team16.data.datainstances.pallet.Pallet@1de5a747
a pallet was found: 
Removing pallet: true
team16.data.datainstances.pallet.Pallet@1de5a747
a pallet was found: 
checking pallets
Pallet has been found! pos: 4
##Removing Pallet Main
#Position has pallets - team16.data.datainstances.pallet.Pallet@61351b1c, team16.data.datainstances.pallet.Pallet@78570fec, 
team16.data.datainstances.pallet.Pallet@61351b1c
a pallet was found: 
Removing pallet: true
team16.data.datainstances.pallet.Pallet@61351b1c
a pallet was found: 
checking pallets
Pallet has been found! pos: 4
##Removing Pallet Main
#Position has pallets - team16.data.datainstances.pallet.Pallet@61351b1c, null, 
team16.data.datainstances.pallet.Pallet@61351b1c
a pallet was found: 
Removing pallet: true
team16.data.datainstances.pallet.Pallet@61351b1c
a pallet was found: 
checking pallets
]]></system-out>
  <system-err><![CDATA[]]></system-err>
</testsuite>
